<?xml version="1.0" encoding="UTF-8"?>
<!-- Generated by org.testng.reporters.JUnitReportReporter -->
<testsuite skipped="0" hostname="DESKTOP-JI7FKHF" name="Querypackage.Dataprovider" tests="5" failures="0" timestamp="13 Aug 2021 06:45:25 GMT" time="0.041" errors="0">
  <testcase name="data" time="0.010" classname="Querypackage.Dataprovider"/>
  <testcase name="data" time="0.005" classname="Querypackage.Dataprovider"/>
  <testcase name="data" time="0.021" classname="Querypackage.Dataprovider"/>
  <testcase name="data" time="0.002" classname="Querypackage.Dataprovider"/>
  <testcase name="data" time="0.003" classname="Querypackage.Dataprovider"/>
</testsuite> <!-- Querypackage.Dataprovider -->
