<?xml version="1.0" encoding="UTF-8"?>
<!-- Generated by org.testng.reporters.JUnitReportReporter -->
<testsuite skipped="0" hostname="DESKTOP-JI7FKHF" name="Generic.Extentreports" tests="1" failures="0" timestamp="27 Aug 2021 11:27:17 GMT" time="4.031" errors="0">
  <testcase name="test11" time="4.031" classname="Generic.Extentreports"/>
</testsuite> <!-- Generic.Extentreports -->
